<?xml version="1.0" encoding="UTF-8"?>
<testsuite xmlns:xsi="http://www.w3.org/2001/XMLSchema-instance" xsi:noNamespaceSchemaLocation="https://maven.apache.org/surefire/maven-surefire-plugin/xsd/surefire-test-report.xsd" name="groovy.com.github.fourCourse.SecondDemo" time="1.044" tests="1" errors="0" skipped="0" failures="0">
  <properties>
    <property name="gopherProxySet" value="false"/>
    <property name="awt.toolkit" value="sun.lwawt.macosx.LWCToolkit"/>
    <property name="file.encoding.pkg" value="sun.io"/>
    <property name="java.specification.version" value="1.8"/>
    <property name="sun.cpu.isalist" value=""/>
    <property name="sun.jnu.encoding" value="UTF-8"/>
    <property name="java.class.path" value="/Users/gezi.zhang/Desktop/test_script/apitest/target/test-classes:/Users/gezi.zhang/Desktop/test_script/apitest/target/classes:/Users/gezi.zhang/.m2/repository/junit/junit/4.11/junit-4.11.jar:/Users/gezi.zhang/.m2/repository/org/hamcrest/hamcrest-core/1.3/hamcrest-core-1.3.jar:/Users/gezi.zhang/.m2/repository/org/codehaus/groovy/groovy-all/2.4.12/groovy-all-2.4.12.jar:/Users/gezi.zhang/.m2/repository/io/rest-assured/rest-assured/3.0.5/rest-assured-3.0.5.jar:/Users/gezi.zhang/.m2/repository/org/codehaus/groovy/groovy/2.4.9/groovy-2.4.9.jar:/Users/gezi.zhang/.m2/repository/org/codehaus/groovy/groovy-xml/2.4.9/groovy-xml-2.4.9.jar:/Users/gezi.zhang/.m2/repository/org/apache/httpcomponents/httpclient/4.5.3/httpclient-4.5.3.jar:/Users/gezi.zhang/.m2/repository/org/apache/httpcomponents/httpcore/4.4.6/httpcore-4.4.6.jar:/Users/gezi.zhang/.m2/repository/commons-logging/commons-logging/1.2/commons-logging-1.2.jar:/Users/gezi.zhang/.m2/repository/commons-codec/commons-codec/1.9/commons-codec-1.9.jar:/Users/gezi.zhang/.m2/repository/org/apache/httpcomponents/httpmime/4.5.1/httpmime-4.5.1.jar:/Users/gezi.zhang/.m2/repository/org/hamcrest/hamcrest-library/1.3/hamcrest-library-1.3.jar:/Users/gezi.zhang/.m2/repository/org/ccil/cowan/tagsoup/tagsoup/1.2.1/tagsoup-1.2.1.jar:/Users/gezi.zhang/.m2/repository/io/rest-assured/json-path/3.0.5/json-path-3.0.5.jar:/Users/gezi.zhang/.m2/repository/io/rest-assured/rest-assured-common/3.0.5/rest-assured-common-3.0.5.jar:/Users/gezi.zhang/.m2/repository/io/rest-assured/xml-path/3.0.5/xml-path-3.0.5.jar:/Users/gezi.zhang/.m2/repository/org/apache/commons/commons-lang3/3.4/commons-lang3-3.4.jar:/Users/gezi.zhang/.m2/repository/org/spockframework/spock-core/1.1-groovy-2.4/spock-core-1.1-groovy-2.4.jar:/Users/gezi.zhang/.m2/repository/com/athaydes/spock-reports/1.5.0/spock-reports-1.5.0.jar:/Users/gezi.zhang/.m2/repository/org/codehaus/groovy/groovy-json/2.0.8/groovy-json-2.0.8.jar:/Users/gezi.zhang/.m2/repository/org/codehaus/groovy/groovy-templates/2.0.8/groovy-templates-2.0.8.jar:/Users/gezi.zhang/.m2/repository/org/slf4j/slf4j-api/1.7.13/slf4j-api-1.7.13.jar:"/>
    <property name="java.vm.vendor" value="Oracle Corporation"/>
    <property name="sun.arch.data.model" value="64"/>
    <property name="java.vendor.url" value="http://java.oracle.com/"/>
    <property name="user.timezone" value=""/>
    <property name="java.vm.specification.version" value="1.8"/>
    <property name="os.name" value="Mac OS X"/>
    <property name="user.country" value="CN"/>
    <property name="sun.java.launcher" value="SUN_STANDARD"/>
    <property name="sun.boot.library.path" value="/Library/Java/JavaVirtualMachines/jdk1.8.0_201.jdk/Contents/Home/jre/lib"/>
    <property name="sun.java.command" value="/Users/gezi.zhang/Desktop/test_script/apitest/target/surefire/surefirebooter3085387771224972316.jar /Users/gezi.zhang/Desktop/test_script/apitest/target/surefire 2019-12-11T16-34-24_209-jvmRun1 surefire2761270697910430887tmp surefire_07999058951981541566tmp"/>
    <property name="http.nonProxyHosts" value="local|*.local|169.254/16|*.169.254/16"/>
    <property name="test" value="SecondDemo"/>
    <property name="surefire.test.class.path" value="/Users/gezi.zhang/Desktop/test_script/apitest/target/test-classes:/Users/gezi.zhang/Desktop/test_script/apitest/target/classes:/Users/gezi.zhang/.m2/repository/junit/junit/4.11/junit-4.11.jar:/Users/gezi.zhang/.m2/repository/org/hamcrest/hamcrest-core/1.3/hamcrest-core-1.3.jar:/Users/gezi.zhang/.m2/repository/org/codehaus/groovy/groovy-all/2.4.12/groovy-all-2.4.12.jar:/Users/gezi.zhang/.m2/repository/io/rest-assured/rest-assured/3.0.5/rest-assured-3.0.5.jar:/Users/gezi.zhang/.m2/repository/org/codehaus/groovy/groovy/2.4.9/groovy-2.4.9.jar:/Users/gezi.zhang/.m2/repository/org/codehaus/groovy/groovy-xml/2.4.9/groovy-xml-2.4.9.jar:/Users/gezi.zhang/.m2/repository/org/apache/httpcomponents/httpclient/4.5.3/httpclient-4.5.3.jar:/Users/gezi.zhang/.m2/repository/org/apache/httpcomponents/httpcore/4.4.6/httpcore-4.4.6.jar:/Users/gezi.zhang/.m2/repository/commons-logging/commons-logging/1.2/commons-logging-1.2.jar:/Users/gezi.zhang/.m2/repository/commons-codec/commons-codec/1.9/commons-codec-1.9.jar:/Users/gezi.zhang/.m2/repository/org/apache/httpcomponents/httpmime/4.5.1/httpmime-4.5.1.jar:/Users/gezi.zhang/.m2/repository/org/hamcrest/hamcrest-library/1.3/hamcrest-library-1.3.jar:/Users/gezi.zhang/.m2/repository/org/ccil/cowan/tagsoup/tagsoup/1.2.1/tagsoup-1.2.1.jar:/Users/gezi.zhang/.m2/repository/io/rest-assured/json-path/3.0.5/json-path-3.0.5.jar:/Users/gezi.zhang/.m2/repository/io/rest-assured/rest-assured-common/3.0.5/rest-assured-common-3.0.5.jar:/Users/gezi.zhang/.m2/repository/io/rest-assured/xml-path/3.0.5/xml-path-3.0.5.jar:/Users/gezi.zhang/.m2/repository/org/apache/commons/commons-lang3/3.4/commons-lang3-3.4.jar:/Users/gezi.zhang/.m2/repository/org/spockframework/spock-core/1.1-groovy-2.4/spock-core-1.1-groovy-2.4.jar:/Users/gezi.zhang/.m2/repository/com/athaydes/spock-reports/1.5.0/spock-reports-1.5.0.jar:/Users/gezi.zhang/.m2/repository/org/codehaus/groovy/groovy-json/2.0.8/groovy-json-2.0.8.jar:/Users/gezi.zhang/.m2/repository/org/codehaus/groovy/groovy-templates/2.0.8/groovy-templates-2.0.8.jar:/Users/gezi.zhang/.m2/repository/org/slf4j/slf4j-api/1.7.13/slf4j-api-1.7.13.jar:"/>
    <property name="sun.cpu.endian" value="little"/>
    <property name="user.home" value="/Users/gezi.zhang"/>
    <property name="user.language" value="zh"/>
    <property name="java.specification.vendor" value="Oracle Corporation"/>
    <property name="java.home" value="/Library/Java/JavaVirtualMachines/jdk1.8.0_201.jdk/Contents/Home/jre"/>
    <property name="basedir" value="/Users/gezi.zhang/Desktop/test_script/apitest"/>
    <property name="file.separator" value="/"/>
    <property name="line.separator" value="&#10;"/>
    <property name="java.vm.specification.vendor" value="Oracle Corporation"/>
    <property name="java.specification.name" value="Java Platform API Specification"/>
    <property name="java.awt.graphicsenv" value="sun.awt.CGraphicsEnvironment"/>
    <property name="surefire.real.class.path" value="/Users/gezi.zhang/Desktop/test_script/apitest/target/surefire/surefirebooter3085387771224972316.jar"/>
    <property name="sun.boot.class.path" value="/Library/Java/JavaVirtualMachines/jdk1.8.0_201.jdk/Contents/Home/jre/lib/resources.jar:/Library/Java/JavaVirtualMachines/jdk1.8.0_201.jdk/Contents/Home/jre/lib/rt.jar:/Library/Java/JavaVirtualMachines/jdk1.8.0_201.jdk/Contents/Home/jre/lib/sunrsasign.jar:/Library/Java/JavaVirtualMachines/jdk1.8.0_201.jdk/Contents/Home/jre/lib/jsse.jar:/Library/Java/JavaVirtualMachines/jdk1.8.0_201.jdk/Contents/Home/jre/lib/jce.jar:/Library/Java/JavaVirtualMachines/jdk1.8.0_201.jdk/Contents/Home/jre/lib/charsets.jar:/Library/Java/JavaVirtualMachines/jdk1.8.0_201.jdk/Contents/Home/jre/lib/jfr.jar:/Library/Java/JavaVirtualMachines/jdk1.8.0_201.jdk/Contents/Home/jre/classes"/>
    <property name="sun.management.compiler" value="HotSpot 64-Bit Tiered Compilers"/>
    <property name="ftp.nonProxyHosts" value="local|*.local|169.254/16|*.169.254/16"/>
    <property name="java.runtime.version" value="1.8.0_201-b09"/>
    <property name="user.name" value="gezi.zhang"/>
    <property name="path.separator" value=":"/>
    <property name="os.version" value="10.14.3"/>
    <property name="java.endorsed.dirs" value="/Library/Java/JavaVirtualMachines/jdk1.8.0_201.jdk/Contents/Home/jre/lib/endorsed"/>
    <property name="java.runtime.name" value="Java(TM) SE Runtime Environment"/>
    <property name="file.encoding" value="UTF-8"/>
    <property name="java.vm.name" value="Java HotSpot(TM) 64-Bit Server VM"/>
    <property name="localRepository" value="/Users/gezi.zhang/.m2/repository"/>
    <property name="java.vendor.url.bug" value="http://bugreport.sun.com/bugreport/"/>
    <property name="java.io.tmpdir" value="/var/folders/ht/yxs89whn0njb6yjcf2sdyfcr0000gy/T/"/>
    <property name="java.version" value="1.8.0_201"/>
    <property name="user.dir" value="/Users/gezi.zhang/Desktop/test_script/apitest"/>
    <property name="os.arch" value="x86_64"/>
    <property name="java.vm.specification.name" value="Java Virtual Machine Specification"/>
    <property name="java.awt.printerjob" value="sun.lwawt.macosx.CPrinterJob"/>
    <property name="sun.os.patch.level" value="unknown"/>
    <property name="java.library.path" value="/Users/gezi.zhang/Library/Java/Extensions:/Library/Java/Extensions:/Network/Library/Java/Extensions:/System/Library/Java/Extensions:/usr/lib/java:."/>
    <property name="java.vm.info" value="mixed mode"/>
    <property name="java.vendor" value="Oracle Corporation"/>
    <property name="java.vm.version" value="25.201-b09"/>
    <property name="java.ext.dirs" value="/Users/gezi.zhang/Library/Java/Extensions:/Library/Java/JavaVirtualMachines/jdk1.8.0_201.jdk/Contents/Home/jre/lib/ext:/Library/Java/Extensions:/Network/Library/Java/Extensions:/System/Library/Java/Extensions:/usr/lib/java"/>
    <property name="sun.io.unicode.encoding" value="UnicodeBig"/>
    <property name="java.class.version" value="52.0"/>
    <property name="socksNonProxyHosts" value="local|*.local|169.254/16|*.169.254/16"/>
  </properties>
  <testcase name="should get user detail by user name successfully" classname="groovy.com.github.fourCourse.SecondDemo" time="0.897"/>
</testsuite>